Fri Jul 24 10:22:23 CDT 2015  [debug] AvalonLogSystem initialized using logfile 'velocity.log'
Fri Jul 24 10:22:23 CDT 2015   [info] ************************************************************** 
Fri Jul 24 10:22:23 CDT 2015   [info] Starting Jakarta Velocity v1.4
Fri Jul 24 10:22:23 CDT 2015   [info] RuntimeInstance initializing.
Fri Jul 24 10:22:23 CDT 2015   [info] Default Properties File: org\apache\velocity\runtime\defaults\velocity.properties
Fri Jul 24 10:22:23 CDT 2015   [info] Trying to use logger class org.apache.velocity.runtime.log.AvalonLogSystem
Fri Jul 24 10:22:23 CDT 2015   [info] Using logger class org.apache.velocity.runtime.log.AvalonLogSystem
Fri Jul 24 10:22:23 CDT 2015   [info] Default ResourceManager initializing. (class org.apache.velocity.runtime.resource.ResourceManagerImpl)
Fri Jul 24 10:22:23 CDT 2015   [info] Resource Loader Instantiated: org.apache.velocity.runtime.resource.loader.ClasspathResourceLoader
Fri Jul 24 10:22:23 CDT 2015   [info] ClasspathResourceLoader : initialization starting.
Fri Jul 24 10:22:23 CDT 2015   [info] ClasspathResourceLoader : initialization complete.
Fri Jul 24 10:22:23 CDT 2015   [info] ResourceCache : initialized. (class org.apache.velocity.runtime.resource.ResourceCacheImpl)
Fri Jul 24 10:22:23 CDT 2015   [info] Default ResourceManager initialization complete.
Fri Jul 24 10:22:23 CDT 2015   [info] Loaded System Directive: org.apache.velocity.runtime.directive.Literal
Fri Jul 24 10:22:23 CDT 2015   [info] Loaded System Directive: org.apache.velocity.runtime.directive.Macro
Fri Jul 24 10:22:23 CDT 2015   [info] Loaded System Directive: org.apache.velocity.runtime.directive.Parse
Fri Jul 24 10:22:23 CDT 2015   [info] Loaded System Directive: org.apache.velocity.runtime.directive.Include
Fri Jul 24 10:22:23 CDT 2015   [info] Loaded System Directive: org.apache.velocity.runtime.directive.Foreach
Fri Jul 24 10:22:23 CDT 2015   [info] Created: 20 parsers.
Fri Jul 24 10:22:23 CDT 2015   [info] Velocimacro : initialization starting.
Fri Jul 24 10:22:23 CDT 2015   [info] Velocimacro : adding VMs from VM library template : VM_global_library.vm
Fri Jul 24 10:22:23 CDT 2015  [error] ResourceManager : unable to find resource 'VM_global_library.vm' in any resource loader.
Fri Jul 24 10:22:23 CDT 2015   [info] Velocimacro : error using  VM library template VM_global_library.vm : org.apache.velocity.exception.ResourceNotFoundException: Unable to find resource 'VM_global_library.vm'
Fri Jul 24 10:22:23 CDT 2015   [info] Velocimacro :  VM library template macro registration complete.
Fri Jul 24 10:22:23 CDT 2015   [info] Velocimacro : allowInline = true : VMs can be defined inline in templates
Fri Jul 24 10:22:23 CDT 2015   [info] Velocimacro : allowInlineToOverride = false : VMs defined inline may NOT replace previous VM definitions
Fri Jul 24 10:22:23 CDT 2015   [info] Velocimacro : allowInlineLocal = false : VMs defined inline will be  global in scope if allowed.
Fri Jul 24 10:22:23 CDT 2015   [info] Velocimacro : messages on  : VM system will output logging messages
Fri Jul 24 10:22:23 CDT 2015   [info] Velocimacro : autoload off  : VM system will not automatically reload global library macros
Fri Jul 24 10:22:23 CDT 2015   [info] Velocimacro : initialization complete.
Fri Jul 24 10:22:23 CDT 2015   [info] Velocity successfully started.
Fri Jul 24 10:22:23 CDT 2015   [info] ResourceManager : found org/uncommons/reportng/templates/xml/results.xml.vm with loader org.apache.velocity.runtime.resource.loader.ClasspathResourceLoader
Fri Jul 24 10:22:23 CDT 2015   [info] ResourceManager : found org/uncommons/reportng/templates/html/index.html.vm with loader org.apache.velocity.runtime.resource.loader.ClasspathResourceLoader
Fri Jul 24 10:22:23 CDT 2015   [info] ResourceManager : found org/uncommons/reportng/templates/html/overview.html.vm with loader org.apache.velocity.runtime.resource.loader.ClasspathResourceLoader
Fri Jul 24 10:22:23 CDT 2015   [info] ResourceManager : found org/uncommons/reportng/templates/html/suites.html.vm with loader org.apache.velocity.runtime.resource.loader.ClasspathResourceLoader
Fri Jul 24 10:22:23 CDT 2015   [info] ResourceManager : found org/uncommons/reportng/templates/html/groups.html.vm with loader org.apache.velocity.runtime.resource.loader.ClasspathResourceLoader
Fri Jul 24 10:22:23 CDT 2015   [info] ResourceManager : found org/uncommons/reportng/templates/html/results.html.vm with loader org.apache.velocity.runtime.resource.loader.ClasspathResourceLoader
Fri Jul 24 10:22:23 CDT 2015   [info] ResourceManager : found org/uncommons/reportng/templates/html/class-results.html.vm with loader org.apache.velocity.runtime.resource.loader.ClasspathResourceLoader
